[0mGET /api/employees [33m404[0m 5.016 ms - 152[0m
[0mGET /api/employees [33m404[0m 1.289 ms - 152[0m
[0mGET /api/employees [33m404[0m 4.864 ms - 152[0m
[0mGET /api/employees [33m404[0m 1.345 ms - 152[0m
[0mGET /api/employees [33m404[0m 0.993 ms - 152[0m
[0mGET /api/employees [32m200[0m 10.827 ms - 26[0m
[0mGET /api/employees [32m200[0m 7.002 ms - 26[0m
[0mGET /favicon.ico [33m404[0m 2.540 ms - 150[0m
[0mGET /api/employees [32m200[0m 6.877 ms - 26[0m
[0mGET /api/employees [32m200[0m 3.351 ms - 26[0m
[0mPOST /api/employees [31m500[0m 4.441 ms - 57[0m
[0mPOST /api/employees [31m500[0m 1.087 ms - 57[0m
[0mPOST /api/employees [31m500[0m 1.076 ms - 57[0m
[0mPOST /api/employees [31m500[0m 1.386 ms - 57[0m
[0mPOST /api/employees [31m500[0m 15.854 ms - 57[0m
[0mPOST /api/employees [32m201[0m 14.095 ms - 125[0m
[0mPOST /api/employees [32m201[0m 7.423 ms - 124[0m
[0mGET /api/employees [32m200[0m 3.868 ms - 228[0m
[0mGET /api/employees [32m200[0m 3.029 ms - 228[0m
[0mPOST /api/employees [32m201[0m 8.322 ms - 124[0m
[0mGET /api/employees [32m200[0m 3.154 ms - 329[0m
[0mPUT /api/employees/3 [32m200[0m 15.456 ms - 124[0m
[0mGET /api/employees [32m200[0m 3.148 ms - 329[0m
[0mPOST /api/employees [32m201[0m 7.059 ms - 124[0m
[0mDELETE /api/employees/4 [32m200[0m 7.870 ms - 25[0m
[0mGET /api/employees [32m200[0m 2.929 ms - 329[0m
[0mGET /api/employees [32m200[0m 2.708 ms - 329[0m
[0mGET /api/employees [36m304[0m 12.689 ms - -[0m
[0mGET /api/employees [36m304[0m 3.201 ms - -[0m
[0mGET /api/employees [32m200[0m 3.109 ms - 26[0m
[0mPOST /api/employees [32m201[0m 120.983 ms - 124[0m
[0mPOST /api/employees [32m201[0m 7.374 ms - 124[0m
[0mPOST /api/employees [32m201[0m 7.772 ms - 154[0m
[0mGET /api/employees [32m200[0m 4.153 ms - 410[0m
[0mGET /api/employees [32m200[0m 6.107 ms - 410[0m
[0mGET /api/employees [36m304[0m 5.687 ms - -[0m
[0mGET /api/employees [36m304[0m 8.084 ms - -[0m
[0mGET /api/employees [36m304[0m 3.253 ms - -[0m
[0mGET /api/employees [36m304[0m 5.238 ms - -[0m
[0mGET /api/employees [36m304[0m 5.327 ms - -[0m
[0mGET /api/employees [36m304[0m 2.991 ms - -[0m
[0mGET /api/employees [36m304[0m 3.129 ms - -[0m
[0mGET /api/employees [36m304[0m 3.992 ms - -[0m
[0mGET /api/employees [36m304[0m 4.351 ms - -[0m
[0mGET /api/employees [36m304[0m 2.992 ms - -[0m
[0mGET /api/employees [36m304[0m 4.306 ms - -[0m
[0mGET /api/employees [36m304[0m 4.521 ms - -[0m
[0mGET /api/employees [36m304[0m 4.382 ms - -[0m
[0mGET /api/employees [36m304[0m 3.282 ms - -[0m
[0mGET /api/employees [36m304[0m 3.620 ms - -[0m
[0mGET /api/employees [36m304[0m 2.770 ms - -[0m
[0mGET /api/employees [36m304[0m 17.446 ms - -[0m
[0mGET /api/employees [36m304[0m 4.655 ms - -[0m
[0mGET /api/employees [36m304[0m 3.377 ms - -[0m
[0mGET /api/employees [36m304[0m 3.919 ms - -[0m
[0mGET /api/employees [36m304[0m 3.884 ms - -[0m
[0mGET /api/employees [36m304[0m 3.627 ms - -[0m
[0mGET /api/employees [36m304[0m 3.266 ms - -[0m
[0mGET /api/employees [36m304[0m 3.451 ms - -[0m
<<<<<<< HEAD
[0mGET /api/employees [32m200[0m 24.310 ms - 302[0m
[0mOPTIONS /api/employees/3 [32m204[0m 1.094 ms - 0[0m
[0mDELETE /api/employees/3 [32m200[0m 10.091 ms - 25[0m
[0mGET /api/employees [32m200[0m 3.584 ms - 171[0m
[0mOPTIONS /api/employees [32m204[0m 0.372 ms - 0[0m
[0mPOST /api/employees [32m201[0m 36.162 ms - 166[0m
[0mGET /api/employees [32m200[0m 3.679 ms - 312[0m
[0mOPTIONS /api/employees [32m204[0m 0.199 ms - 0[0m
[0mPOST /api/employees [32m201[0m 9.209 ms - 165[0m
[0mGET /api/employees [32m200[0m 3.740 ms - 452[0m
=======
[0mOPTIONS /api/employees [32m204[0m 1.844 ms - 0[0m
[0mPOST /api/employees [32m201[0m 39.195 ms - 149[0m
[0mGET /api/employees [32m200[0m 8.719 ms - 149[0m
[0mGET /api/employees [36m304[0m 4.921 ms - -[0m
[0mGET /api/employees [36m304[0m 4.002 ms - -[0m
[0mGET /api/employees [36m304[0m 4.908 ms - -[0m
[0mOPTIONS /api/employees [32m204[0m 0.308 ms - 0[0m
[0mPOST /api/employees [31m500[0m 7.417 ms - 57[0m
[0mGET /api/employees [36m304[0m 3.113 ms - -[0m
[0mGET /api/employees [36m304[0m 4.056 ms - -[0m
[0mGET /api/employees [36m304[0m 3.827 ms - -[0m
[0mGET /api/employees [36m304[0m 3.169 ms - -[0m
[0mGET /api/employees [36m304[0m 3.248 ms - -[0m
[0mGET /api/employees [36m304[0m 9.342 ms - -[0m
[0mOPTIONS /api/employees [32m204[0m 0.368 ms - 0[0m
[0mPOST /api/employees [31m500[0m 1.797 ms - 57[0m
[0mGET /api/employees [36m304[0m 4.892 ms - -[0m
[0mOPTIONS /api/employees [32m204[0m 0.235 ms - 0[0m
[0mPOST /api/employees [31m500[0m 1.303 ms - 57[0m
[0mGET /api/employees [36m304[0m 7.339 ms - -[0m
[0mGET /api/employees [36m304[0m 2.968 ms - -[0m
[0mGET /api/employees [36m304[0m 2.960 ms - -[0m
[0mOPTIONS /api/employees [32m204[0m 0.244 ms - 0[0m
[0mPOST /api/employees [32m201[0m 11.942 ms - 160[0m
[0mGET /api/employees [32m200[0m 4.320 ms - 283[0m
[0mPOST /api/employees [32m201[0m 7.862 ms - 162[0m
[0mGET /api/employees [32m200[0m 4.559 ms - 417[0m
[0mOPTIONS /api/employees [32m204[0m 0.215 ms - 0[0m
[0mPOST /api/employees [32m201[0m 8.632 ms - 159[0m
[0mGET /api/employees [32m200[0m 3.982 ms - 551[0m
[0mGET /api/employees [36m304[0m 4.368 ms - -[0m
[0mOPTIONS /api/employees [32m204[0m 0.356 ms - 0[0m
[0mPOST /api/employees [32m201[0m 7.279 ms - 151[0m
[0mGET /api/employees [32m200[0m 3.498 ms - 678[0m
[0mOPTIONS /api/employees/21 [32m204[0m 0.220 ms - 0[0m
[0mDELETE /api/employees/21 [32m200[0m 10.132 ms - 25[0m
[0mGET /api/employees [32m200[0m 3.124 ms - 544[0m
[0mOPTIONS /api/employees/20 [32m204[0m 0.213 ms - 0[0m
[0mDELETE /api/employees/20 [32m200[0m 7.702 ms - 25[0m
[0mGET /api/employees [32m200[0m 3.075 ms - 410[0m
[0mGET /api/employees [36m304[0m 4.040 ms - -[0m
[0mGET /api/employees [36m304[0m 3.049 ms - -[0m
[0mGET /api/employees [36m304[0m 2.945 ms - -[0m
[0mGET /api/employees [36m304[0m 3.139 ms - -[0m
[0mGET /api/employees [36m304[0m 4.018 ms - -[0m
[0mGET /api/employees [36m304[0m 5.075 ms - -[0m
[0mGET /api/employees [36m304[0m 2.954 ms - -[0m
[0mGET /api/employees [36m304[0m 4.425 ms - -[0m
[0mGET /api/employees [36m304[0m 2.878 ms - -[0m
[0mGET /api/employees [36m304[0m 2.741 ms - -[0m
[0mOPTIONS /api/employees/22 [32m204[0m 0.329 ms - 0[0m
[0mPUT /api/employees/22 [32m200[0m 22.503 ms - 151[0m
[0mGET /api/employees [32m200[0m 4.804 ms - 411[0m
[0mOPTIONS /api/employees/19 [32m204[0m 0.361 ms - 0[0m
[0mPUT /api/employees/19 [32m200[0m 14.677 ms - 157[0m
[0mGET /api/employees [32m200[0m 3.294 ms - 411[0m
>>>>>>> dev
